Arguments: 
  /usr/local/Cellar/node@10/10.15.3/bin/node /usr/local/bin/yarn install

PATH: 
  /Users/justin/.rvm/gems/ruby-2.4.5/bin:/Users/justin/.rvm/gems/ruby-2.4.5@global/bin:/Users/justin/.rvm/rubies/ruby-2.4.5/bin:/usr/local/sbin:/usr/local/opt/node@10/bin:/usr/local/opt/node@8/bin:/Users/justin/.k/runtimes/kre-mono.1.0.0-beta3/bin:/Users/justin/repos/apktool:/Users/justin/repos/mp4fpsmod:/usr/local/opt/python/libexec/bin:/Users/justin/.rvm/bin:/usr/local/opt/imagemagick@6/bin:/usr/local/opt/python/libexec/bin:/Users/justin/android-sdk-macosx/tools:/Users/justin/android-sdk-macosx/platform-tools:/Users/justin/android-sdk-macosx/build-tools:/Users/justin/.pyenv/shims:/usr/local/bin:/usr/bin:/bin:/usr/sbin:/sbin:/usr/local/share/dotnet:/Library/Frameworks/Mono.framework/Versions/Current/Commands:/Applications/Xamarin Workbooks.app/Contents/SharedSupport/path-bin

Yarn version: 
  1.3.2

Node version: 
  10.15.3

Platform: 
  darwin x64

npm manifest: 
  {
    "name": "demo-webdriverio-mocha",
    "version": "0.0.1",
    "description": "Demo Integration Tests with WebdriverIO and Mocha",
    "repository": {
      "type": "git",
      "url": "git@github.com:WarleyGabriel/demo-webdriverio-mocha.git"
    },
    "license": "ISC",
    "author": "Warley Gabriel da Paixão",
    "main": "index.js",
    "scripts": {
      "code:check": "yarn code:lint && yarn code:prettier",
      "code:format": "yarn code:lint --fix --quiet && yarn code:prettier --write",
      "code:lint": "eslint .",
      "code:prettier": "prettier --check \"**/*.js*\"",
      "report:allure": "./node_modules/allure-commandline/bin/allure",
      "report:generate": "yarn report:allure generate --clean ./test-report/allure-result/ -o ./test-report/allure-report",
      "report:open": "yarn report:allure open test-report/allure-report",
      "tests:e2e": "wdio wdio.conf.js",
      "tests:visualregression": "wdio wdio.conf.js --spec test/visualRegression/*.spec.js",
      "test": "./node_modules/.bin/wdio wdio.conf.js"
    },
    "dependencies": {
      "@applitools/eyes-webdriverio": "^5.6.0",
      "@babel/cli": "^7.5.5",
      "@babel/core": "^7.5.5",
      "@babel/polyfill": "^7.4.4",
      "@babel/preset-env": "^7.5.5",
      "@babel/register": "^7.5.5",
      "@types/node": "^12.7.2",
      "@wdio/allure-reporter": "^5.12.1",
      "@wdio/cli": "^5.12.1",
      "@wdio/dot-reporter": "^5.12.1",
      "@wdio/local-runner": "^5.12.1",
      "@wdio/mocha-framework": "^5.12.1",
      "@wdio/selenium-standalone-service": "^5.12.1",
      "@wdio/spec-reporter": "^5.12.1",
      "@wdio/sync": "^5.12.1",
      "allure-commandline": "^2.9.0",
      "chai": "^4.2.0",
      "eslint": "^6.1.0",
      "eslint-config-airbnb": "^18.0.1",
      "eslint-config-airbnb-base": "^14.0.0",
      "eslint-config-prettier": "^6.0.0",
      "eslint-plugin-import": "^2.18.2",
      "fibers": "^4.0.1",
      "husky": "^3.0.3",
      "mocha": "^6.2.0",
      "prettier": "^1.18.2",
      "wdio-spec-reporter": "^0.1.5",
      "wdio-timeline-reporter": "^5.0.11",
      "webdriverio": "^5.12.1"
    }
  }

yarn manifest: 
  No manifest

Lockfile: 
  No lockfile

Trace: 
  Error: https://registry.yarnpkg.com/@applitools%2feyes-sdk-core: ETIMEDOUT
      at Timeout._onTimeout (/usr/local/lib/node_modules/yarn/lib/cli.js:123749:19)
      at ontimeout (timers.js:436:11)
      at tryOnTimeout (timers.js:300:5)
      at listOnTimeout (timers.js:263:5)
      at Timer.processTimers (timers.js:223:10)
